code-creation,Stub,0x561ca020,296,"JSEntryStub"
code-creation,Stub,0x561ca160,296,"JSConstructEntryStub"
code-creation,Stub,0x55586020,860,"CEntryStub"
code-creation,Builtin,0x561ca2a0,60,"Illegal"
code-creation,Builtin,0x561ca2e0,60,"EmptyFunction"
code-creation,Builtin,0x561ca320,60,"ArrayCodeGeneric"
code-creation,Builtin,0x561ca360,60,"ArrayPush"
code-creation,Builtin,0x561ca3a0,60,"ArrayPop"
code-creation,Builtin,0x561ca3e0,60,"ArrayShift"
code-creation,Builtin,0x561ca420,60,"ArrayUnshift"
code-creation,Builtin,0x561ca460,60,"ArraySlice"
code-creation,Builtin,0x561ca4a0,60,"ArraySplice"
code-creation,Builtin,0x561ca4e0,60,"ArrayConcat"
code-creation,Builtin,0x561ca520,64,"HandleApiCall"
code-creation,Builtin,0x561ca560,60,"FastHandleApiCall"
code-creation,Builtin,0x561ca5a0,64,"HandleApiCallConstruct"
code-creation,Builtin,0x561ca5e0,60,"HandleApiCallAsFunction"
code-creation,Builtin,0x561ca620,60,"HandleApiCallAsConstructor"
code-creation,Builtin,0x561ca660,60,"StrictArgumentsCallee"
code-creation,Builtin,0x561ca6a0,60,"StrictArgumentsCaller"
code-creation,Builtin,0x561ca6e0,60,"StrictFunctionCaller"
code-creation,Builtin,0x561ca720,60,"StrictFunctionArguments"
code-creation,Builtin,0x561ca760,196,"ArgumentsAdaptorTrampoline"
code-creation,Builtin,0x561ca840,104,"JSConstructCall"
code-creation,Builtin,0x561ca8c0,608,"JSConstructStubCountdown"
code-creation,Builtin,0x561cab20,540,"JSConstructStubGeneric"
code-creation,Builtin,0x561cad40,508,"JSConstructStubApi"
code-creation,Builtin,0x561caf40,200,"JSEntryTrampoline"
code-creation,Builtin,0x561cb020,164,"JSConstructEntryTrampoline"
code-creation,Builtin,0x561cb0e0,116,"LazyCompile"
code-creation,Builtin,0x561cb160,116,"LazyRecompile"
code-creation,Builtin,0x561cb1e0,156,"NotifyDeoptimized"
code-creation,Builtin,0x561cb280,156,"NotifyLazyDeoptimized"
code-creation,Builtin,0x561cb320,108,"NotifyOSR"
code-creation,Builtin,0x561cb3a0,68,"LoadIC_Miss"
code-creation,Builtin,0x561cb400,64,"KeyedLoadIC_Miss"
code-creation,Builtin,0x561cb440,68,"StoreIC_Miss"
code-creation,Builtin,0x561cb4a0,64,"KeyedStoreIC_Miss"
code-creation,Builtin,0x561cb4e0,68,"LoadIC_Initialize"
code-creation,Builtin,0x561cb540,68,"LoadIC_PreMonomorphic"
code-creation,Builtin,0x561cb5a0,304,"LoadIC_Normal"
code-creation,Builtin,0x561cb6e0,80,"LoadIC_ArrayLength"
code-creation,Builtin,0x561cb740,84,"LoadIC_StringLength"
code-creation,Builtin,0x561cb7a0,132,"LoadIC_StringWrapperLength"
code-creation,Builtin,0x561cb840,136,"LoadIC_FunctionPrototype"
code-creation,Builtin,0x561cb8e0,268,"LoadIC_Megamorphic"
code-creation,Builtin,0x561cba00,64,"KeyedLoadIC_Initialize"
code-creation,Builtin,0x561cba40,64,"KeyedLoadIC_PreMonomorphic"
code-creation,Builtin,0x561cba80,788,"KeyedLoadIC_Generic"
code-creation,Builtin,0x561cc020,668,"KeyedLoadIC_String"
code-creation,Builtin,0x561cc2c0,128,"KeyedLoadIC_IndexedInterceptor"
code-creation,Builtin,0x561cc340,68,"StoreIC_Initialize"
code-creation,Builtin,0x561cc3a0,148,"StoreIC_ArrayLength"
code-creation,Builtin,0x561cc440,364,"StoreIC_Normal"
code-creation,Builtin,0x561cc5c0,268,"StoreIC_Megamorphic"
code-creation,Builtin,0x561cc6e0,80,"StoreIC_GlobalProxy"
code-creation,Builtin,0x561cc740,68,"StoreIC_Initialize_Strict"
code-creation,Builtin,0x561cc7a0,148,"StoreIC_ArrayLength_Strict"
code-creation,Builtin,0x561cc840,364,"StoreIC_Normal_Strict"
code-creation,Builtin,0x561cc9c0,268,"StoreIC_Megamorphic_Strict"
code-creation,Builtin,0x561ccae0,80,"StoreIC_GlobalProxy_Strict"
code-creation,Builtin,0x561ccb40,64,"KeyedStoreIC_Initialize"
code-creation,Builtin,0x561ccb80,304,"KeyedStoreIC_Generic"
code-creation,Builtin,0x561cccc0,64,"KeyedStoreIC_Initialize_Strict"
code-creation,Builtin,0x561ccd00,304,"KeyedStoreIC_Generic_Strict"
code-creation,Builtin,0x561cce40,404,"FunctionCall"
code-creation,Builtin,0x561ccfe0,436,"FunctionApply"
code-creation,Builtin,0x561cd1a0,600,"ArrayCode"
code-creation,Builtin,0x561cd400,588,"ArrayConstructCode"
code-creation,Builtin,0x561cd660,440,"StringConstructCode"
code-creation,Builtin,0x561cd820,836,"OnStackReplacement"
code-creation,Builtin,0x561cdb80,120,"Return_DebugBreak"
code-creation,Builtin,0x561cdc00,128,"ConstructCall_DebugBreak"
code-creation,Builtin,0x561cdc80,112,"StubNoRegisters_DebugBreak"
code-creation,Builtin,0x561cdd00,120,"LoadIC_DebugBreak"
code-creation,Builtin,0x561cdd80,120,"KeyedLoadIC_DebugBreak"
code-creation,Builtin,0x561cde00,120,"StoreIC_DebugBreak"
code-creation,Builtin,0x561cde80,120,"KeyedStoreIC_DebugBreak"
code-creation,Builtin,0x561cdf00,112,"Slot_DebugBreak"
code-creation,Builtin,0x561cdf80,80,"PlainReturn_LiveEdit"
code-creation,Builtin,0x561ce020,80,"FrameDropper_LiveEdit"
code-creation,Stub,0x561ce080,60,"StackCheckStub"
code-creation,Script,0x561ce0c0,816,"native runtime.js",0x5618c4ec,
code-creation,CallInitialize,0x561ce400,200,"args_count: 1"
code-creation,CallInitialize,0x561ce4e0,200,"args_count: 2"
code-creation,LazyCompile,0x561ce5c0,1568,"EQUALS native runtime.js:54",0x5618b498,
code-creation,LazyCompile,0x561cebe0,368,"STRICT_EQUALS native runtime.js:93",0x5618b4f4,
code-creation,Stub,0x561ced60,224,"StringCompare"
code-creation,Stub,0x561cee40,136,"CompareIC"
code-creation,LazyCompile,0x561ceee0,1180,"COMPARE native runtime.js:113",0x5618b550,
code-creation,Stub,0x561cf380,1208,"StringAdd"
code-creation,LazyCompile,0x561cf840,784,"ADD native runtime.js:156",0x5618b5ac,
code-creation,LazyCompile,0x561cfb60,304,"SUB native runtime.js:207",0x5618b6c0,
code-creation,LazyCompile,0x561cfca0,304,"MUL native runtime.js:215",0x5618b71c,
code-creation,LazyCompile,0x561cfde0,304,"DIV native runtime.js:223",0x5618b778,
code-creation,LazyCompile,0x561d0020,304,"MOD native runtime.js:231",0x5618b7d4,
code-creation,LazyCompile,0x561d0160,304,"BIT_OR native runtime.js:245",0x5618b830,
code-creation,LazyCompile,0x561d02a0,440,"BIT_AND native runtime.js:253",0x5618b88c,
code-creation,LazyCompile,0x561d0460,304,"BIT_XOR native runtime.js:275",0x5618b8e8,
code-creation,LazyCompile,0x561d05a0,220,"UNARY_MINUS native runtime.js:283",0x5618b944,
code-creation,LazyCompile,0x561d0680,220,"BIT_NOT native runtime.js:290",0x5618b9a0,
code-creation,LazyCompile,0x561d0760,304,"SHL native runtime.js:297",0x5618b9fc,
code-creation,LazyCompile,0x561d08a0,440,"SAR native runtime.js:305",0x5618ba58,
code-creation,LazyCompile,0x561d0a60,304,"SHR native runtime.js:327",0x5618bab4,
code-creation,LazyCompile,0x561d0ba0,224,"DELETE native runtime.js:341",0x5618bb10,
code-creation,Stub,0x561d0c80,204,"FastCloneShallowArrayStub"
code-creation,LazyCompile,0x561d0d60,520,"IN native runtime.js:347",0x5618bb6c,
code-creation,Stub,0x561d0f80,196,"FastCloneShallowArrayStub"
code-creation,Stub,0x561d1060,168,"ToBoolean"
code-creation,LazyCompile,0x561d1120,736,"INSTANCE_OF native runtime.js:359",0x5618bbc8,
code-creation,LazyCompile,0x561d1400,128,"GET_KEYS native runtime.js:383",0x5618bc24,
code-creation,LazyCompile,0x561d1480,276,"FILTER_KEY native runtime.js:391",0x5618bc80,
code-creation,Stub,0x561d15a0,280,"ArgumentsAccessStub"
code-creation,LazyCompile,0x561d16c0,480,"CALL_NON_FUNCTION native runtime.js:398",0x5618bcdc,
code-creation,LazyCompile,0x561d18a0,480,"CALL_NON_FUNCTION_AS_CONSTRUCTOR native runtime.js:407",0x5618bd38,
code-creation,LazyCompile,0x561d1a80,140,"TO_OBJECT native runtime.js:458",0x5618be4c,
code-creation,LazyCompile,0x561d1b20,140,"TO_NUMBER native runtime.js:464",0x5618bea8,
code-creation,LazyCompile,0x561d1bc0,140,"TO_STRING native runtime.js:470",0x5618bf04,
code-creation,Stub,0x561d1c60,136,"CompareIC"
code-creation,Stub,0x561d1d00,200,"NumberToStringStub"
code-creation,LazyCompile,0x561d2020,628,"STRING_ADD_LEFT native runtime.js:176",0x5618b608,
code-creation,LazyCompile,0x561d22a0,644,"STRING_ADD_RIGHT native runtime.js:191",0x5618b664,
code-creation,Stub,0x561d2540,136,"CompareIC"
code-creation,Stub,0x561d25e0,136,"CompareIC"
code-creation,Stub,0x561d2680,136,"CompareIC"
code-creation,Stub,0x561d2720,168,"FastCloneShallowArrayStub"
code-creation,LazyCompile,0x561d27e0,1260,"APPLY_PREPARE native runtime.js:416",0x5618bd94,
code-creation,LazyCompile,0x561d2ce0,208,"APPLY_OVERFLOW native runtime.js:452",0x5618bdf0,
code-creation,CallInitialize,0x561d2dc0,200,"args_count: 0"
code-creation,Script,0x561d2ea0,3788,"native v8natives.js",0x5618f180,
code-creation,CallPreMonomorphic,0x561d3d80,200,"args_count: 0"
code-creation,CallInitialize,0x561d3e60,200,"args_count: 10"
code-creation,CallInitialize,0x561d4020,200,"args_count: 3"
code-creation,LazyCompile,0x561d4100,660,"SetupGlobal native v8natives.js:153",0x5618d674,
code-creation,CallPreMonomorphic,0x561d43a0,200,"args_count: 10"
code-creation,CallPreMonomorphic,0x561d4480,200,"args_count: 3"
code-creation,Stub,0x561d4560,80,"TypeRecordingBinaryOpStub_SAR_Alloc_Uninitialized"
code-creation,Stub,0x561d45c0,80,"TypeRecordingBinaryOpStub_ADD_Alloc_Uninitialized"
code-creation,LazyCompile,0x561d4620,724,"InstallFunctions native v8natives.js:49",0x5618d3f0,
code-creation,Stub,0x561d4900,160,"CompareIC"
code-creation,Stub,0x561d49a0,132,"TypeRecordingBinaryOpStub_SAR_Alloc_SMI"
code-creation,Stub,0x561d4a40,160,"CompareIC"
code-creation,KeyedLoadIC,0x561d4ae0,128,""
code-creation,KeyedLoadIC,0x561d4ae0,128,"args_count: 0"
code-creation,Stub,0x561d4b60,128,"TypeRecordingBinaryOpStub_ADD_Alloc_SMI"
code-creation,LazyCompile,0x561d4be0,308,"$Object.constructor native v8natives.js:180",0x5618e978,
code-creation,CallPreMonomorphic,0x561d4d20,200,"args_count: 1"
code-creation,LazyCompile,0x561d4e00,456,"ToBoolean native runtime.js:493",0x5618c020,
code-creation,StoreIC,0x561d4fe0,152,"constructor"
code-creation,StoreIC,0x561d4fe0,152,"constructor"
code-creation,LazyCompile,0x561d5080,392,"a native v8natives.js:923",0x5618f0a8,
code-creation,CallInitialize,0x561d5220,200,"args_count: 20"
code-creation,CallInitialize,0x561d5300,200,"args_count: 26"
code-creation,LazyCompile,0x561d53e0,1240,"SetupObject native v8natives.js:938",0x5618e3b8,
code-creation,CallPreMonomorphic,0x561d58c0,200,"args_count: 20"
code-creation,CallPreMonomorphic,0x561d59a0,200,"args_count: 26"
code-creation,CallInitialize,0x561d5a80,200,"args_count: 4"
code-creation,LazyCompile,0x561d5b60,296,"SetupBoolean native v8natives.js:1001",0x5618e4cc,
code-creation,CallPreMonomorphic,0x561d5ca0,200,"args_count: 4"
code-creation,LazyCompile,0x561d5d80,352,"b native v8natives.js:1014",0x5618f104,
code-creation,Stub,0x561d5ee0,156,"CompareIC"
code-creation,LazyCompile,0x561d6020,536,"ToNumber native runtime.js:503",0x5618c07c,
code-creation,CallInitialize,0x561d6240,200,"args_count: 12"
code-creation,LazyCompile,0x561d6320,1204,"SetupNumber native v8natives.js:1106",0x5618e750,
code-creation,CallPreMonomorphic,0x561d67e0,200,"args_count: 12"
code-creation,Stub,0x561d68c0,80,"TypeRecordingBinaryOpStub_SUB_Alloc_Uninitialized"
code-creation,Stub,0x561d6920,140,"ArgumentsAccessStub"
code-creation,Stub,0x561d69c0,88,"ToNumberStub"
code-creation,Stub,0x561d6a20,80,"TypeRecordingBinaryOpStub_ADD_OverwriteLeft_Uninitialized"
code-creation,Stub,0x561d6a80,244,"CallFunction"
code-creation,LazyCompile,0x561d6b80,1316,"NewFunction native v8natives.js:1248",0x5618e8c0,
code-creation,LazyCompile,0x561d70c0,296,"SetupFunction native v8natives.js:1274",0x5618e91c,
code-creation,Script,0x561d7200,280,"native array.js",0x56190e24,
code-creation,Stub,0x561d7320,168,"FastNewContextStub"
code-creation,Function,0x561d73e0,344,"getFunction native array.js:1192",0x56191454,
code-creation,Stub,0x561d7540,188,"FastNewClosureStub"
code-creation,Stub,0x561d7600,244,"CallFunction"
code-creation,Stub,0x561d7700,244,"CallFunction"
code-creation,CallInitialize,0x561d7800,200,"args_count: 42"
code-creation,Function,0x561d78e0,152,"SetupArray.InternalArray.toString native array.js:1243",0x561914cc,
code-creation,LazyCompile,0x561d8020,3452,"SetupArray native array.js:1180",0x56190da8,
code-creation,CallPreMonomorphic,0x561d8da0,200,"args_count: 2"
code-creation,LazyCompile,0x561d8e80,208,"hasOwnProperty native v8natives.js:216",0x5618d7e4,
code-creation,LazyCompile,0x561d8f60,576,"ToObject native runtime.js:543",0x5618c1ec,
code-creation,LazyCompile,0x561d91a0,488,"ToString native runtime.js:526",0x5618c134,
code-creation,CallMiss,0x561d93a0,200,"args_count: 1"
code-creation,CallIC,0x561d9480,132,"hasOwnProperty"
code-creation,CallIC,0x561d9520,124,"ToObject"
code-creation,CallIC,0x561d95a0,124,"ToString"
code-creation,KeyedLoadIC,0x561d9620,104,"push"
code-creation,KeyedLoadIC,0x561d9620,104,"push"
code-creation,KeyedLoadIC,0x561d96a0,104,"concat"
code-creation,KeyedLoadIC,0x561d96a0,104,"concat"
code-creation,CallPreMonomorphic,0x561d9720,200,"args_count: 42"
code-creation,LazyCompile,0x561d9800,248,"InstallFunctionsOnHiddenPrototype native v8natives.js:67",0x5618d44c,
code-creation,Stub,0x561d9900,168,"FastCloneShallowArrayStub"
code-creation,Script,0x561d99c0,1172,"native string.js",0x56192de8,
code-creation,LazyCompile,0x561d9e60,404,"b native string.js:36",0x56192c58,
code-creation,CallInitialize,0x561da020,200,"args_count: 70"
code-creation,LazyCompile,0x561da100,1880,"SetupString native string.js:863",0x56192bfc,
code-creation,CallPreMonomorphic,0x561da860,200,"args_count: 70"
code-creation,LoadIC,0x561da940,88,"$Object"
code-creation,LoadIC,0x561da940,88,"$Object"
code-creation,CallMiss,0x561da9a0,200,"args_count: 3"
code-creation,CallIC,0x561daa80,124,"InstallFunctions"
code-creation,Script,0x561dab00,288,"native uri.js",0x56193e44,
code-creation,LazyCompile,0x561dac20,436,"SetupURI native uri.js:389",0x56193dc8,
code-creation,Script,0x561dade0,744,"native math.js",0x56194a28,
code-creation,LazyCompile,0x561db0e0,92,"MathConstructor native math.js:38",0x561942d8,
code-creation,CallInitialize,0x561db140,200,"args_count: 36"
code-creation,LazyCompile,0x561db220,1700,"SetupMath native math.js:198",0x561949ac,
code-creation,CallPreMonomorphic,0x561db8e0,200,"args_count: 36"
code-creation,Script,0x561dc020,5528,"native messages.js",0x56197404,
code-creation,LazyCompile,0x561dd5c0,180,"kMessages.cyclic_proto native messages.js:133",0x56196808,
code-creation,Function,0x561dd680,92,"ErrorPrototype native messages.js:984",0x56197e18,
code-creation,Function,0x561dd6e0,212," native messages.js:1010",0x56197e94,
code-creation,Function,0x561dd7c0,652," native messages.js:999",0x56197f10,
code-creation,LazyCompile,0x561dda60,1020,"DefineError native messages.js:968",0x56196698,
code-creation,Stub,0x561de020,1452,"StringAdd"
code-creation,Stub,0x561de5e0,1452,"StringAdd"
code-creation,Stub,0x561deba0,160,"TypeRecordingBinaryOpStub_ADD_Alloc_Strings"
code-creation,Stub,0x561dec40,548,"CompareStub_EQ_r1_r0"
code-creation,LoadIC,0x561dee80,88,"global"
code-creation,LoadIC,0x561dee80,88,"global"
code-creation,Stub,0x561deee0,516,"CompareStub_EQ_r1_r0_STRICT"
code-creation,Function,0x561df100,148," native messages.js:1031",0x56198020,
code-creation,LazyCompile,0x561df1a0,672,"captureStackTrace native messages.js:1023",0x561966f4,
code-creation,LoadIC,0x561df440,100,"$Error"
code-creation,LoadIC,0x561df440,100,"$Error"
code-creation,LoadIC,0x561df4c0,88,"kAddMessageAccessorsMarker"
code-creation,LoadIC,0x561df4c0,88,"kAddMessageAccessorsMarker"
code-creation,CallMiss,0x561df520,200,"args_count: 2"
code-creation,CallIC,0x561df600,124,"captureStackTrace"
code-creation,LoadIC,0x561df680,140,""
code-creation,LoadIC,0x561df680,140,""
code-creation,LazyCompile,0x561df720,172,"MakeRangeError native messages.js:277",0x56196134,
code-creation,LazyCompile,0x561df7e0,320,"MakeGenericError native messages.js:117",0x56195f44,
code-creation,Stub,0x561df920,180,"FastNewContextStub"
code-creation,Stub,0x561df9e0,244,"CallFunction"
code-creation,Function,0x561dfae0,396,"DefineOneShotAccessor.a.__defineSetter__.d native messages.js:683",0x56198124,
code-creation,Function,0x561dfc80,240," native messages.js:691",0x561981a0,
code-creation,LazyCompile,0x561dfd80,476,"DefineOneShotAccessor native messages.js:677",0x56196470,
code-creation,LazyCompile,0x561e0020,708,"__defineGetter__ native v8natives.js:235",0x5618d8f8,
code-creation,LazyCompile,0x561e0300,560,"PropertyDescriptor native v8natives.js:376",0x5618dcec,
code-creation,LazyCompile,0x561e0540,168,"PropertyDescriptor.setGet native v8natives.js:462",0x5618ee80,
code-creation,StoreIC,0x561e0600,148,"get_"
code-creation,StoreIC,0x561e0600,148,"get_"
code-creation,StoreIC,0x561e06a0,148,"hasGetter_"
code-creation,StoreIC,0x561e06a0,148,"hasGetter_"
code-creation,LazyCompile,0x561e0740,168,"PropertyDescriptor.setEnumerable native v8natives.js:414",0x5618eb44,
code-creation,StoreIC,0x561e0800,148,"enumerable_"
code-creation,StoreIC,0x561e0800,148,"enumerable_"
code-creation,StoreIC,0x561e08a0,148,"hasEnumerable_"
code-creation,StoreIC,0x561e08a0,148,"hasEnumerable_"
code-creation,LazyCompile,0x561e0940,168,"PropertyDescriptor.setConfigurable native v8natives.js:446",0x5618ed6c,
code-creation,StoreIC,0x561e0a00,148,"configurable_"
code-creation,StoreIC,0x561e0a00,148,"configurable_"
code-creation,StoreIC,0x561e0aa0,148,"hasConfigurable_"
code-creation,StoreIC,0x561e0aa0,148,"hasConfigurable_"
code-creation,Stub,0x561e0b40,80,"TypeRecordingBinaryOpStub_BIT_OR_Alloc_Uninitialized"
code-creation,LazyCompile,0x55588020,9000,"DefineOwnProperty native v8natives.js:554",0x5618deb8,
code-creation,LazyCompile,0x561e0ba0,776,"ConvertDescriptorArrayToDescriptor native v8natives.js:497",0x5618dd48,
code-creation,LazyCompile,0x561e0ec0,120,"PropertyDescriptor.hasEnumerable native v8natives.js:425",0x5618ebfc,
code-creation,LazyCompile,0x561e0f40,120,"PropertyDescriptor.isEnumerable native v8natives.js:420",0x5618eba0,
code-creation,Stub,0x561e0fc0,124,"TypeRecordingBinaryOpStub_BIT_OR_Alloc_SMI"
code-creation,LazyCompile,0x561e1040,120,"PropertyDescriptor.hasConfigurable native v8natives.js:452",0x5618edc8,
code-creation,LazyCompile,0x561e10c0,120,"PropertyDescriptor.isConfigurable native v8natives.js:457",0x5618ee24,
code-creation,LazyCompile,0x561e1140,284,"IsDataDescriptor native v8natives.js:297",0x5618db20,
code-creation,LazyCompile,0x561e1260,332,"IsGenericDescriptor native v8natives.js:304",0x5618db7c,
code-creation,LazyCompile,0x561e13c0,284,"IsAccessorDescriptor native v8natives.js:290",0x5618dac4,
code-creation,CallIC,0x561e14e0,124,"IsAccessorDescriptor"
code-creation,LoadIC,0x561e1560,84,"hasGetter_"
code-creation,LoadIC,0x561e1560,84,"hasGetter_"
code-creation,LazyCompile,0x561e15c0,120,"PropertyDescriptor.hasGetter native v8natives.js:473",0x5618ef38,
code-creation,LazyCompile,0x561e1640,120,"PropertyDescriptor.getGet native v8natives.js:468",0x5618eedc,
code-creation,LazyCompile,0x561e16c0,120,"PropertyDescriptor.hasSetter native v8natives.js:489",0x5618f04c,
code-creation,LazyCompile,0x561e1740,708,"__defineSetter__ native v8natives.js:258",0x5618d9b0,
code-creation,StoreIC,0x561e1a20,160,"value_"
code-creation,StoreIC,0x561e1a20,160,"value_"
code-creation,StoreIC,0x561e1ac0,160,"hasValue_"
code-creation,StoreIC,0x561e1ac0,160,"hasValue_"
code-creation,StoreIC,0x561e1b60,160,"writable_"
code-creation,StoreIC,0x561e1b60,160,"writable_"
code-creation,StoreIC,0x561e1c00,160,"hasWritable_"
code-creation,StoreIC,0x561e1c00,160,"hasWritable_"
code-creation,StoreIC,0x561e1ca0,160,"enumerable_"
code-creation,StoreIC,0x561e1ca0,160,"enumerable_"
code-creation,StoreIC,0x561e1d40,160,"hasEnumerable_"
code-creation,StoreIC,0x561e1d40,160,"hasEnumerable_"
code-creation,StoreIC,0x561e1de0,160,"configurable_"
code-creation,StoreIC,0x561e1de0,160,"configurable_"
code-creation,StoreIC,0x561e1e80,160,"hasConfigurable_"
code-creation,StoreIC,0x561e1e80,160,"hasConfigurable_"
code-creation,StoreIC,0x561e1f20,160,"get_"
code-creation,StoreIC,0x561e1f20,160,"get_"
code-creation,StoreIC,0x561e2020,160,"hasGetter_"
code-creation,StoreIC,0x561e2020,160,"hasGetter_"
code-creation,StoreIC,0x561e20c0,160,"set_"
code-creation,StoreIC,0x561e20c0,160,"set_"
code-creation,StoreIC,0x561e2160,160,"hasSetter_"
code-creation,StoreIC,0x561e2160,160,"hasSetter_"
code-creation,LazyCompile,0x561e2200,168,"PropertyDescriptor.setSet native v8natives.js:478",0x5618ef94,
code-creation,StoreIC,0x561e22c0,148,"set_"
code-creation,StoreIC,0x561e22c0,148,"set_"
code-creation,StoreIC,0x561e2360,148,"hasSetter_"
code-creation,StoreIC,0x561e2360,148,"hasSetter_"
code-creation,CallIC,0x561e2400,124,"ConvertDescriptorArrayToDescriptor"
code-creation,LoadIC,0x561e2480,84,"hasValue_"
code-creation,LoadIC,0x561e2480,84,"hasValue_"
code-creation,LoadIC,0x561e24e0,84,"hasWritable_"
code-creation,LoadIC,0x561e24e0,84,"hasWritable_"
code-creation,LoadIC,0x561e2540,84,"hasEnumerable_"
code-creation,LoadIC,0x561e2540,84,"hasEnumerable_"
code-creation,LoadIC,0x561e25a0,84,"enumerable_"
code-creation,LoadIC,0x561e25a0,84,"enumerable_"
code-creation,Stub,0x561e2600,80,"TypeRecordingBinaryOpStub_DIV_Alloc_Uninitialized"
code-creation,LazyCompile,0x561e2660,568,"SameValue native runtime.js:576",0x5618c35c,
code-creation,LoadIC,0x561e28a0,84,"hasConfigurable_"
code-creation,LoadIC,0x561e28a0,84,"hasConfigurable_"
code-creation,LoadIC,0x561e2900,84,"configurable_"
code-creation,LoadIC,0x561e2900,84,"configurable_"
code-creation,LazyCompile,0x561e2960,120,"PropertyDescriptor.hasWritable native v8natives.js:441",0x5618ed10,
code-creation,LazyCompile,0x561e29e0,120,"PropertyDescriptor.hasValue native v8natives.js:409",0x5618eae8,
code-creation,LoadIC,0x561e2a60,84,"hasSetter_"
code-creation,LoadIC,0x561e2a60,84,"hasSetter_"
code-creation,LazyCompile,0x561e2ac0,120,"PropertyDescriptor.getSet native v8natives.js:484",0x5618eff0,
code-creation,LoadIC,0x561e2b40,84,"set_"
code-creation,LoadIC,0x561e2b40,84,"set_"
code-creation,CallMiss,0x561e2ba0,200,"args_count: 0"
code-creation,CallIC,0x561e2c80,128,"hasEnumerable"
code-creation,CallIC,0x561e2d00,128,"isEnumerable"
code-creation,CallIC,0x561e2d80,128,"hasConfigurable"
code-creation,CallIC,0x561e2e00,128,"isConfigurable"
code-creation,CallIC,0x561e2e80,124,"IsDataDescriptor"
code-creation,CallIC,0x561e2f00,124,"IsGenericDescriptor"
code-creation,CallIC,0x561e2f80,128,"hasGetter"
code-creation,CallIC,0x561e3000,128,"hasSetter"
code-creation,LoadIC,0x561e3080,140,""
code-creation,LoadIC,0x561e3080,140,""
code-creation,StoreIC,0x561e3120,152,"type"
code-creation,StoreIC,0x561e3120,152,"type"
code-creation,StoreIC,0x561e31c0,152,"arguments"
code-creation,StoreIC,0x561e31c0,152,"arguments"
code-creation,Script,0x561e3260,292,"native apinatives.js",0x56198844,
code-creation,Stub,0x561e33a0,212,"FastCloneShallowArrayStub"
code-creation,Script,0x561e3480,1912,"native date.js",0x5619abc0,
code-creation,StoreIC,0x561e3c00,148,"time"
code-creation,StoreIC,0x561e3c00,148,"time"
code-creation,StoreIC,0x561e3ca0,148,"year"
code-creation,StoreIC,0x561e3ca0,148,"year"
code-creation,Stub,0x561e3d40,136,"CompareIC"
code-creation,LazyCompile,0x561e4020,2448,"WeekDays native date.js:398",0x5619ab44,
code-creation,LazyCompile,0x561e49c0,436,"TimeClip native date.js:378",0x561995ec,
code-creation,LazyCompile,0x561e4b80,356,"isFinite native v8natives.js:85",0x5618d504,
code-creation,Stub,0x561e4d00,216,"TypeRecordingBinaryOpStub_SUB_Alloc_HeapNumbers"
code-creation,Stub,0x561e4de0,236,"CompareIC"
code-creation,CallInitialize,0x561e4ee0,200,"args_count: 6"
code-creation,CallInitialize,0x561e4fc0,200,"args_count: 92"
code-creation,LazyCompile,0x561e50a0,2400,"SetupDate native date.js:1040",0x5619aae8,
code-creation,CallPreMonomorphic,0x561e5a00,200,"args_count: 6"
code-creation,CallPreMonomorphic,0x561e5ae0,200,"args_count: 92"
code-creation,Script,0x561e5bc0,276,"native json.js",0x5619bd04,
code-creation,LazyCompile,0x561e5ce0,276,"SetupJSON native json.js:335",0x5619bc88,
code-creation,Script,0x561e6020,552,"native regexp.js",0x5619c64c,
code-creation,Function,0x561e6260,212,"RegExpGetInput native regexp.js:422",0x5619c94c,
code-creation,Function,0x561e6340,188,"RegExpSetInput native regexp.js:426",0x5619c9c8,
code-creation,Function,0x561e6400,104,"RegExpGetMultiline native regexp.js:446",0x5619ca40,
code-creation,Function,0x561e6480,256,"RegExpSetMultiline native regexp.js:447",0x5619cabc,
code-creation,Function,0x561e6580,92,"NoOpSetter native regexp.js:455",0x5619cb38,
code-creation,CallInitialize,0x561e65e0,200,"args_count: 8"
code-creation,CallInitialize,0x561e66c0,200,"args_count: 1"
code-creation,LazyCompile,0x561e67a0,4052,"SetupRegExp native regexp.js:403",0x5619c5d0,
code-creation,LazyCompile,0x561e7780,328,"RegExpConstructor native regexp.js:81",0x5619c124,
code-creation,CallPreMonomorphic,0x561e78e0,200,"args_count: 8"
code-creation,LazyCompile,0x561e79c0,496,"ToPrimitive native runtime.js:482",0x5618bf60,
code-creation,CallPreMonomorphic,0x561e7bc0,200,"args_count: 1"
code-creation,Stub,0x561e7ca0,80,"TypeRecordingBinaryOpStub_MUL_Alloc_Uninitialized"
code-creation,Stub,0x561e7d00,80,"TypeRecordingBinaryOpStub_ADD_OverwriteRight_Uninitialized"
code-creation,Function,0x561db9c0,900," native regexp.js:366",0x5622e294,
code-creation,LazyCompile,0x561e7d60,212,"RegExpMakeCaptureGetter native regexp.js:365",0x5619c574,
code-creation,CallIC,0x561e7e40,124,"ToPrimitive"
code-creation,LoadIC,0x561e7ec0,88,"$RegExp"
code-creation,LoadIC,0x561e7ec0,88,"$RegExp"
code-creation,CallIC,0x561e7f20,124,"RegExpMakeCaptureGetter"
code-delete,0x561d4ae0
code-delete,0x561d4fe0
code-delete,0x561d9480
code-delete,0x561d9520
code-delete,0x561d95a0
code-delete,0x561d9620
code-delete,0x561d96a0
code-delete,0x561da940
code-delete,0x561daa80
code-delete,0x561dee80
code-delete,0x561df440
code-delete,0x561df4c0
code-delete,0x561df600
code-delete,0x561df680
code-delete,0x561e0600
code-delete,0x561e06a0
code-delete,0x561e0800
code-delete,0x561e08a0
code-delete,0x561e0a00
code-delete,0x561e0aa0
code-delete,0x561e14e0
code-delete,0x561e1560
code-delete,0x561e1a20
code-delete,0x561e1ac0
code-delete,0x561e1b60
code-delete,0x561e1c00
code-delete,0x561e1ca0
code-delete,0x561e1d40
code-delete,0x561e1de0
code-delete,0x561e1e80
code-delete,0x561e1f20
code-delete,0x561e2020
code-delete,0x561e20c0
code-delete,0x561e2160
code-delete,0x561e22c0
code-delete,0x561e2360
code-delete,0x561e2400
code-delete,0x561e2480
code-delete,0x561e24e0
code-delete,0x561e2540
code-delete,0x561e25a0
code-delete,0x561e28a0
code-delete,0x561e2900
code-delete,0x561e2a60
code-delete,0x561e2b40
code-delete,0x561e2c80
code-delete,0x561e2d00
code-delete,0x561e2d80
code-delete,0x561e2e00
code-delete,0x561e2e80
code-delete,0x561e2f00
code-delete,0x561e2f80
code-delete,0x561e3000
code-delete,0x561e3080
code-delete,0x561e3120
code-delete,0x561e31c0
code-delete,0x561e3c00
code-delete,0x561e3ca0
code-delete,0x561e7e40
code-delete,0x561e7ec0
code-delete,0x561e7f20
sfi-move,0x5618a228,0x5618a228
sfi-move,0x5618a2b4,0x5618a2b4
sfi-move,0x5618a38c,0x5618a38c
sfi-move,0x5618a40c,0x5618a40c
sfi-move,0x5618a48c,0x5618a48c
sfi-move,0x5618a524,0x5618a524
sfi-move,0x5618a5b4,0x5618a5b4
sfi-move,0x5618a634,0x5618a634
sfi-move,0x5618a6b4,0x5618a6b4
sfi-move,0x5618a734,0x5618a734
sfi-move,0x5618a7b4,0x5618a7b4
sfi-move,0x5618a834,0x5618a834
sfi-move,0x5618a8b4,0x5618a8b4
sfi-move,0x5618a934,0x5618a934
sfi-move,0x5618a9c0,0x5618a9c0
sfi-move,0x5618aa60,0x5618aa60
sfi-move,0x5618aae0,0x5618aae0
sfi-move,0x5618ab60,0x5618ab60
sfi-move,0x5618abe0,0x5618abe0
sfi-move,0x5618ac60,0x5618ac60
sfi-move,0x5618ae8c,0x5618ae8c
sfi-move,0x5618b014,0x5618b014
sfi-move,0x5618b094,0x5618b094
sfi-move,0x5618b158,0x5618b158
sfi-move,0x5618b1e4,0x5618b1e4
sfi-move,0x5618b498,0x5618b448
sfi-move,0x5618b4f4,0x5618b4a4
sfi-move,0x5618b550,0x5618b500
sfi-move,0x5618b5ac,0x5618b55c
sfi-move,0x5618b608,0x5618b5b8
sfi-move,0x5618b664,0x5618b614
sfi-move,0x5618b6c0,0x5618b670
sfi-move,0x5618b71c,0x5618b6cc
sfi-move,0x5618b778,0x5618b728
sfi-move,0x5618b7d4,0x5618b784
sfi-move,0x5618b830,0x5618b7e0
sfi-move,0x5618b88c,0x5618b83c
sfi-move,0x5618b8e8,0x5618b898
sfi-move,0x5618b944,0x5618b8f4
sfi-move,0x5618b9a0,0x5618b950
sfi-move,0x5618b9fc,0x5618b9ac
sfi-move,0x5618ba58,0x5618ba08
sfi-move,0x5618bab4,0x5618ba64
sfi-move,0x5618bb10,0x5618bac0
sfi-move,0x5618bb6c,0x5618bb1c
sfi-move,0x5618bbc8,0x5618bb78
sfi-move,0x5618bc24,0x5618bbd4
sfi-move,0x5618bc80,0x5618bc30
sfi-move,0x5618bcdc,0x5618bc8c
sfi-move,0x5618bd38,0x5618bce8
sfi-move,0x5618bd94,0x5618bd44
sfi-move,0x5618bdf0,0x5618bda0
sfi-move,0x5618be4c,0x5618bdfc
sfi-move,0x5618bea8,0x5618be58
sfi-move,0x5618bf04,0x5618beb4
sfi-move,0x5618bf60,0x5618bf10
sfi-move,0x5618c020,0x5618c020
sfi-move,0x5618c07c,0x5618c07c
sfi-move,0x5618c0d8,0x5618c0d8
sfi-move,0x5618c134,0x5618c134
sfi-move,0x5618c190,0x5618c190
sfi-move,0x5618c1ec,0x5618c1ec
sfi-move,0x5618c248,0x5618c248
sfi-move,0x5618c2a4,0x5618c2a4
sfi-move,0x5618c300,0x5618c300
sfi-move,0x5618c35c,0x5618c35c
sfi-move,0x5618c3b8,0x5618c3b8
sfi-move,0x5618c414,0x5618c414
sfi-move,0x5618c470,0x5618c470
sfi-move,0x5618c4ec,0x5618c4ec
sfi-move,0x5618d3f0,0x5618d2ac
sfi-move,0x5618d44c,0x5618d308
sfi-move,0x5618d4a8,0x5618d364
sfi-move,0x5618d504,0x5618d3c0
sfi-move,0x5618d560,0x5618d41c
sfi-move,0x5618d5bc,0x5618d478
sfi-move,0x5618d618,0x5618d4d4
sfi-move,0x5618d674,0x5618d530
sfi-move,0x5618d6d0,0x5618d58c
sfi-move,0x5618d72c,0x5618d5e8
sfi-move,0x5618d788,0x5618d644
sfi-move,0x5618d7e4,0x5618d6a0
sfi-move,0x5618d840,0x5618d6fc
sfi-move,0x5618d89c,0x5618d758
sfi-move,0x5618d8f8,0x5618d7b4
sfi-move,0x5618d954,0x5618d810
sfi-move,0x5618d9b0,0x5618d86c
sfi-move,0x5618da0c,0x5618d8c8
sfi-move,0x5618da68,0x5618d924
sfi-move,0x5618dac4,0x5618d980
sfi-move,0x5618db20,0x5618d9dc
sfi-move,0x5618db7c,0x5618da38
sfi-move,0x5618dbd8,0x5618da94
sfi-move,0x5618dc34,0x5618daf0
sfi-move,0x5618dc90,0x5618db4c
sfi-move,0x5618dcec,0x5618dba8
sfi-move,0x5618dd48,0x5618dc04
sfi-move,0x5618dda4,0x5618dc60
sfi-move,0x5618de00,0x5618dcbc
sfi-move,0x5618de5c,0x5618dd18
sfi-move,0x5618deb8,0x5618dd74
sfi-move,0x5618df14,0x5618ddd0
sfi-move,0x5618df70,0x5618de2c
sfi-move,0x5618e020,0x5618de98
sfi-move,0x5618e07c,0x5618def4
sfi-move,0x5618e0d8,0x5618df50
sfi-move,0x5618e134,0x5618e020
sfi-move,0x5618e190,0x5618e07c
sfi-move,0x5618e1ec,0x5618e0d8
sfi-move,0x5618e248,0x5618e134
sfi-move,0x5618e2a4,0x5618e190
sfi-move,0x5618e300,0x5618e1ec
sfi-move,0x5618e35c,0x5618e248
sfi-move,0x5618e3b8,0x5618e2a4
sfi-move,0x5618e414,0x5618e300
sfi-move,0x5618e470,0x5618e35c
sfi-move,0x5618e4cc,0x5618e3b8
sfi-move,0x5618e528,0x5618e414
sfi-move,0x5618e584,0x5618e470
sfi-move,0x5618e5e0,0x5618e4cc
sfi-move,0x5618e63c,0x5618e528
sfi-move,0x5618e698,0x5618e584
sfi-move,0x5618e6f4,0x5618e5e0
sfi-move,0x5618e750,0x5618e63c
sfi-move,0x5618e7ac,0x5618e698
sfi-move,0x5618e808,0x5618e6f4
sfi-move,0x5618e864,0x5618e750
sfi-move,0x5618e8c0,0x5618e7ac
sfi-move,0x5618e91c,0x5618e808
sfi-move,0x5618e978,0x5618e864
sfi-move,0x5618e9d4,0x5618e8c0
sfi-move,0x5618ea30,0x5618e91c
sfi-move,0x5618ea8c,0x5618e978
sfi-move,0x5618eae8,0x5618e9d4
sfi-move,0x5618eb44,0x5618ea30
sfi-move,0x5618eba0,0x5618ea8c
sfi-move,0x5618ebfc,0x5618eae8
sfi-move,0x5618ec58,0x5618eb44
sfi-move,0x5618ecb4,0x5618eba0
sfi-move,0x5618ed10,0x5618ebfc
sfi-move,0x5618ed6c,0x5618ec58
sfi-move,0x5618edc8,0x5618ecb4
sfi-move,0x5618ee24,0x5618ed10
sfi-move,0x5618ee80,0x5618ed6c
sfi-move,0x5618eedc,0x5618edc8
sfi-move,0x5618ef38,0x5618ee24
sfi-move,0x5618ef94,0x5618ee80
sfi-move,0x5618eff0,0x5618eedc
sfi-move,0x5618f04c,0x5618ef38
sfi-move,0x5618f0a8,0x5618ef94
sfi-move,0x5618f104,0x5618eff0
sfi-move,0x5618f180,0x5618f06c
sfi-move,0x561901cc,0x56190020
sfi-move,0x56190228,0x5619007c
sfi-move,0x56190284,0x561900d8
sfi-move,0x561902e0,0x56190134
sfi-move,0x5619033c,0x56190190
sfi-move,0x56190398,0x561901ec
sfi-move,0x561903f4,0x56190248
sfi-move,0x56190450,0x561902a4
sfi-move,0x561904ac,0x56190300
sfi-move,0x56190508,0x5619035c
sfi-move,0x56190564,0x561903b8
sfi-move,0x561905c0,0x56190414
sfi-move,0x5619061c,0x56190470
sfi-move,0x56190678,0x561904cc
sfi-move,0x561906d4,0x56190528
sfi-move,0x56190730,0x56190584
sfi-move,0x5619078c,0x561905e0
sfi-move,0x561907e8,0x5619063c
sfi-move,0x56190844,0x56190698
sfi-move,0x561908a0,0x561906f4
sfi-move,0x561908fc,0x56190750
sfi-move,0x56190958,0x561907ac
sfi-move,0x561909b4,0x56190808
sfi-move,0x56190a10,0x56190864
sfi-move,0x56190a6c,0x561908c0
sfi-move,0x56190ac8,0x5619091c
sfi-move,0x56190b24,0x56190978
sfi-move,0x56190b80,0x561909d4
sfi-move,0x56190bdc,0x56190a30
sfi-move,0x56190c38,0x56190a8c
sfi-move,0x56190c94,0x56190ae8
sfi-move,0x56190cf0,0x56190b44
sfi-move,0x56190d4c,0x56190ba0
sfi-move,0x56190da8,0x56190bfc
sfi-move,0x56190e24,0x56190c78
sfi-move,0x56191454,0x56191284
sfi-move,0x561914cc,0x561912fc
sfi-move,0x56191550,0x56191380
sfi-move,0x561915d0,0x56191400
sfi-move,0x56191650,0x56191480
sfi-move,0x561916d0,0x56191500
sfi-move,0x56191750,0x56191580
sfi-move,0x561917d0,0x56191600
sfi-move,0x56191850,0x56191680
sfi-move,0x56191bbc,0x5619198c
sfi-move,0x56191c18,0x561919e8
sfi-move,0x56191c74,0x56191a44
sfi-move,0x56191cd0,0x56191aa0
sfi-move,0x56191d2c,0x56191afc
sfi-move,0x56191d88,0x56191b58
sfi-move,0x56191de4,0x56191bb4
sfi-move,0x56191e40,0x56191c10
sfi-move,0x56191e9c,0x56191c6c
sfi-move,0x56191ef8,0x56191cc8
sfi-move,0x56191f54,0x56191d24
sfi-move,0x56192020,0x56191da4
sfi-move,0x5619207c,0x56191e00
sfi-move,0x561920d8,0x56191e5c
sfi-move,0x56192134,0x56191eb8
sfi-move,0x56192190,0x56191f14
sfi-move,0x561921ec,0x56191f70
sfi-move,0x56192248,0x56192020
sfi-move,0x561922a4,0x5619207c
sfi-move,0x56192300,0x561920d8
sfi-move,0x5619235c,0x56192134
sfi-move,0x561923b8,0x56192190
sfi-move,0x56192414,0x561921ec
sfi-move,0x56192470,0x56192248
sfi-move,0x561924cc,0x561922a4
sfi-move,0x56192528,0x56192300
sfi-move,0x56192584,0x5619235c
sfi-move,0x561925e0,0x561923b8
sfi-move,0x5619263c,0x56192414
sfi-move,0x56192698,0x56192470
sfi-move,0x561926f4,0x561924cc
sfi-move,0x56192750,0x56192528
sfi-move,0x561927ac,0x56192584
sfi-move,0x56192808,0x561925e0
sfi-move,0x56192864,0x5619263c
sfi-move,0x561928c0,0x56192698
sfi-move,0x5619291c,0x561926f4
sfi-move,0x56192978,0x56192750
sfi-move,0x561929d4,0x561927ac
sfi-move,0x56192a30,0x56192808
sfi-move,0x56192a8c,0x56192864
sfi-move,0x56192ae8,0x561928c0
sfi-move,0x56192b44,0x5619291c
sfi-move,0x56192ba0,0x56192978
sfi-move,0x56192bfc,0x561929d4
sfi-move,0x56192c58,0x56192a30
sfi-move,0x56192cb4,0x56192a8c
sfi-move,0x56192d10,0x56192ae8
sfi-move,0x56192d6c,0x56192b44
sfi-move,0x56192de8,0x56192bc0
sfi-move,0x56193750,0x56193464
sfi-move,0x561937ac,0x561934c0
sfi-move,0x56193808,0x5619351c
sfi-move,0x56193864,0x56193578
sfi-move,0x561938c0,0x561935d4
sfi-move,0x5619391c,0x56193630
sfi-move,0x56193978,0x5619368c
sfi-move,0x561939d4,0x561936e8
sfi-move,0x56193a30,0x56193744
sfi-move,0x56193a8c,0x561937a0
sfi-move,0x56193ae8,0x561937fc
sfi-move,0x56193b44,0x56193858
sfi-move,0x56193ba0,0x561938b4
sfi-move,0x56193bfc,0x56193910
sfi-move,0x56193c58,0x5619396c
sfi-move,0x56193cb4,0x561939c8
sfi-move,0x56193d10,0x56193a24
sfi-move,0x56193d6c,0x56193a80
sfi-move,0x56193dc8,0x56193adc
sfi-move,0x56193e44,0x56193b58
sfi-move,0x561942d8,0x56194020
sfi-move,0x56194334,0x5619407c
sfi-move,0x56194390,0x561940d8
sfi-move,0x561943ec,0x56194134
sfi-move,0x56194448,0x56194190
sfi-move,0x561944a4,0x561941ec
sfi-move,0x56194500,0x56194248
sfi-move,0x5619455c,0x561942a4
sfi-move,0x561945b8,0x56194300
sfi-move,0x56194614,0x5619435c
sfi-move,0x56194670,0x561943b8
sfi-move,0x561946cc,0x56194414
sfi-move,0x56194728,0x56194470
sfi-move,0x56194784,0x561944cc
sfi-move,0x561947e0,0x56194528
sfi-move,0x5619483c,0x56194584
sfi-move,0x56194898,0x561945e0
sfi-move,0x561948f4,0x5619463c
sfi-move,0x56194950,0x56194698
sfi-move,0x561949ac,0x561946f4
sfi-move,0x56194a28,0x56194770
sfi-move,0x56195dd4,0x56194c8c
sfi-move,0x56195e30,0x56194ce8
sfi-move,0x56195e8c,0x56194d44
sfi-move,0x56195ee8,0x56194da0
sfi-move,0x56195f44,0x56194dfc
sfi-move,0x56195fa0,0x56194e58
sfi-move,0x56196020,0x56194eb4
sfi-move,0x5619607c,0x56194f10
sfi-move,0x561960d8,0x56194f6c
sfi-move,0x56196134,0x56194fc8
sfi-move,0x56196190,0x56195024
sfi-move,0x561961ec,0x56195080
sfi-move,0x56196248,0x561950dc
sfi-move,0x561962a4,0x56195138
sfi-move,0x56196300,0x56195194
sfi-move,0x5619635c,0x561951f0
sfi-move,0x561963b8,0x5619524c
sfi-move,0x56196414,0x561952a8
sfi-move,0x56196470,0x56195304
sfi-move,0x561964cc,0x56195360
sfi-move,0x56196528,0x561953bc
sfi-move,0x56196584,0x56195418
sfi-move,0x561965e0,0x56195474
sfi-move,0x5619663c,0x561954d0
sfi-move,0x56196698,0x5619552c
sfi-move,0x561966f4,0x56195588
sfi-move,0x56196750,0x561955e4
sfi-move,0x561967ac,0x56195640
sfi-move,0x56196808,0x5619569c
sfi-move,0x56196864,0x561956f8
sfi-move,0x561968c0,0x56195754
sfi-move,0x5619691c,0x561957b0
sfi-move,0x56196978,0x5619580c
sfi-move,0x561969d4,0x56195868
sfi-move,0x56196a30,0x561958c4
sfi-move,0x56196a8c,0x56195920
sfi-move,0x56196ae8,0x5619597c
sfi-move,0x56196b44,0x561959d8
sfi-move,0x56196ba0,0x56195a34
sfi-move,0x56196bfc,0x56195a90
sfi-move,0x56196c58,0x56195aec
sfi-move,0x56196cb4,0x56195b48
sfi-move,0x56196d10,0x56195ba4
sfi-move,0x56196d6c,0x56195c00
sfi-move,0x56196dc8,0x56195c5c
sfi-move,0x56196e24,0x56195cb8
sfi-move,0x56196e80,0x56195d14
sfi-move,0x56196edc,0x56195d70
sfi-move,0x56196f38,0x56195dcc
sfi-move,0x56196f94,0x56195e28
sfi-move,0x56196ff0,0x56195e84
sfi-move,0x5619704c,0x56195ee0
sfi-move,0x561970a8,0x56195f3c
sfi-move,0x56197104,0x56195f98
sfi-move,0x56197160,0x56196020
sfi-move,0x561971bc,0x5619607c
sfi-move,0x56197218,0x561960d8
sfi-move,0x56197274,0x56196134
sfi-move,0x561972d0,0x56196190
sfi-move,0x5619732c,0x561961ec
sfi-move,0x56197388,0x56196248
sfi-move,0x56197404,0x561962c4
sfi-move,0x56197e18,0x56196c98
sfi-move,0x56197e94,0x56196d14
sfi-move,0x56197f10,0x56196d90
sfi-move,0x56198020,0x56196e50
sfi-move,0x56198124,0x56196f48
sfi-move,0x561981a0,0x56196fc4
sfi-move,0x561986b8,0x56197428
sfi-move,0x56198714,0x56197484
sfi-move,0x56198770,0x561974e0
sfi-move,0x561987cc,0x5619753c
sfi-move,0x56198844,0x561975b4
sfi-move,0x56198e04,0x56197b2c
sfi-move,0x56198e60,0x56197b88
sfi-move,0x56198ebc,0x56197be4
sfi-move,0x56198f18,0x56197c40
sfi-move,0x56198f74,0x56197c9c
sfi-move,0x56198fd0,0x56197cf8
sfi-move,0x5619902c,0x56197d54
sfi-move,0x56199088,0x56197db0
sfi-move,0x561990e4,0x56197e0c
sfi-move,0x56199140,0x56197e68
sfi-move,0x5619919c,0x56197ec4
sfi-move,0x561991f8,0x56197f20
sfi-move,0x56199254,0x56197f7c
sfi-move,0x561992b0,0x56198020
sfi-move,0x5619930c,0x5619807c
sfi-move,0x56199368,0x561980d8
sfi-move,0x561993c4,0x56198134
sfi-move,0x56199420,0x56198190
sfi-move,0x5619947c,0x561981ec
sfi-move,0x561994d8,0x56198248
sfi-move,0x56199534,0x561982a4
sfi-move,0x56199590,0x56198300
sfi-move,0x561995ec,0x5619835c
sfi-move,0x56199648,0x561983b8
sfi-move,0x561996a4,0x56198414
sfi-move,0x56199700,0x56198470
sfi-move,0x5619975c,0x561984cc
sfi-move,0x561997b8,0x56198528
sfi-move,0x56199814,0x56198584
sfi-move,0x56199870,0x561985e0
sfi-move,0x561998cc,0x5619863c
sfi-move,0x56199928,0x56198698
sfi-move,0x56199984,0x561986f4
sfi-move,0x561999e0,0x56198750
sfi-move,0x56199a3c,0x561987ac
sfi-move,0x56199a98,0x56198808
sfi-move,0x56199af4,0x56198864
sfi-move,0x56199b50,0x561988c0
sfi-move,0x56199bac,0x5619891c
sfi-move,0x56199c08,0x56198978
sfi-move,0x56199c64,0x561989d4
sfi-move,0x56199cc0,0x56198a30
sfi-move,0x56199d1c,0x56198a8c
sfi-move,0x56199d78,0x56198ae8
sfi-move,0x56199dd4,0x56198b44
sfi-move,0x56199e30,0x56198ba0
sfi-move,0x56199e8c,0x56198bfc
sfi-move,0x56199ee8,0x56198c58
sfi-move,0x56199f44,0x56198cb4
sfi-move,0x56199fa0,0x56198d10
sfi-move,0x5619a020,0x56198d6c
sfi-move,0x5619a07c,0x56198dc8
sfi-move,0x5619a0d8,0x56198e24
sfi-move,0x5619a134,0x56198e80
sfi-move,0x5619a190,0x56198edc
sfi-move,0x5619a1ec,0x56198f38
sfi-move,0x5619a248,0x56198f94
sfi-move,0x5619a2a4,0x56198ff0
sfi-move,0x5619a300,0x5619904c
sfi-move,0x5619a35c,0x561990a8
sfi-move,0x5619a3b8,0x56199104
sfi-move,0x5619a414,0x56199160
sfi-move,0x5619a470,0x561991bc
sfi-move,0x5619a4cc,0x56199218
sfi-move,0x5619a528,0x56199274
sfi-move,0x5619a584,0x561992d0
sfi-move,0x5619a5e0,0x5619932c
sfi-move,0x5619a63c,0x56199388
sfi-move,0x5619a698,0x561993e4
sfi-move,0x5619a6f4,0x56199440
sfi-move,0x5619a750,0x5619949c
sfi-move,0x5619a7ac,0x561994f8
sfi-move,0x5619a808,0x56199554
sfi-move,0x5619a864,0x561995b0
sfi-move,0x5619a8c0,0x5619960c
sfi-move,0x5619a91c,0x56199668
sfi-move,0x5619a978,0x561996c4
sfi-move,0x5619a9d4,0x56199720
sfi-move,0x5619aa30,0x5619977c
sfi-move,0x5619aa8c,0x561997d8
sfi-move,0x5619aae8,0x56199834
sfi-move,0x5619ab44,0x56199890
sfi-move,0x5619abc0,0x5619990c
sfi-move,0x5619b94c,0x5619a65c
sfi-move,0x5619b9a8,0x5619a6b8
sfi-move,0x5619ba04,0x5619a714
sfi-move,0x5619ba60,0x5619a770
sfi-move,0x5619babc,0x5619a7cc
sfi-move,0x5619bb18,0x5619a828
sfi-move,0x5619bb74,0x5619a884
sfi-move,0x5619bbd0,0x5619a8e0
sfi-move,0x5619bc2c,0x5619a93c
sfi-move,0x5619bc88,0x5619a998
sfi-move,0x5619bd04,0x5619aa14
sfi-move,0x5619c0c8,0x5619ad1c
sfi-move,0x5619c124,0x5619ad78
sfi-move,0x5619c180,0x5619add4
sfi-move,0x5619c1dc,0x5619ae30
sfi-move,0x5619c238,0x5619ae8c
sfi-move,0x5619c294,0x5619aee8
sfi-move,0x5619c2f0,0x5619af44
sfi-move,0x5619c34c,0x5619afa0
sfi-move,0x5619c3a8,0x5619affc
sfi-move,0x5619c404,0x5619b058
sfi-move,0x5619c460,0x5619b0b4
sfi-move,0x5619c4bc,0x5619b110
sfi-move,0x5619c518,0x5619b16c
sfi-move,0x5619c574,0x5619b1c8
sfi-move,0x5619c5d0,0x5619b224
sfi-move,0x5619c64c,0x5619b2a0
sfi-move,0x5619c94c,0x5619b57c
sfi-move,0x5619c9c8,0x5619b5f8
sfi-move,0x5619ca40,0x5619b670
sfi-move,0x5619cabc,0x5619b6ec
sfi-move,0x5619cb38,0x5619b768
sfi-move,0x5622e294,0x561a6184
sfi-move,0x5622e3a8,0x561a6298
sfi-move,0x5622e428,0x561a6318
code-move,0x561ca020,0x561ca020
code-move,0x561ca160,0x561ca160
code-move,0x561ca2a0,0x561ca2a0
code-move,0x561ca2e0,0x561ca2e0
code-move,0x561ca320,0x561ca320
code-move,0x561ca360,0x561ca360
code-move,0x561ca3a0,0x561ca3a0
code-move,0x561ca3e0,0x561ca3e0
code-move,0x561ca420,0x561ca420
code-move,0x561ca460,0x561ca460
code-move,0x561ca4a0,0x561ca4a0
code-move,0x561ca4e0,0x561ca4e0
code-move,0x561ca520,0x561ca520
code-move,0x561ca560,0x561ca560
code-move,0x561ca5a0,0x561ca5a0
code-move,0x561ca5e0,0x561ca5e0
code-move,0x561ca620,0x561ca620
code-move,0x561ca660,0x561ca660
code-move,0x561ca6a0,0x561ca6a0
code-move,0x561ca6e0,0x561ca6e0
code-move,0x561ca720,0x561ca720
code-move,0x561ca760,0x561ca760
code-move,0x561ca840,0x561ca840
code-move,0x561ca8c0,0x561ca8c0
code-move,0x561cab20,0x561cab20
code-move,0x561cad40,0x561cad40
code-move,0x561caf40,0x561caf40
code-move,0x561cb020,0x561cb020
code-move,0x561cb0e0,0x561cb0e0
code-move,0x561cb160,0x561cb160
code-move,0x561cb1e0,0x561cb1e0
code-move,0x561cb280,0x561cb280
code-move,0x561cb320,0x561cb320
code-move,0x561cb3a0,0x561cb3a0
code-move,0x561cb400,0x561cb400
code-move,0x561cb440,0x561cb440
code-move,0x561cb4a0,0x561cb4a0
code-move,0x561cb4e0,0x561cb4e0
code-move,0x561cb540,0x561cb540
code-move,0x561cb5a0,0x561cb5a0
code-move,0x561cb6e0,0x561cb6e0
code-move,0x561cb740,0x561cb740
code-move,0x561cb7a0,0x561cb7a0
code-move,0x561cb840,0x561cb840
code-move,0x561cb8e0,0x561cb8e0
code-move,0x561cba00,0x561cba00
code-move,0x561cba40,0x561cba40
code-move,0x561cba80,0x561cba80
code-move,0x561cc020,0x561cc020
code-move,0x561cc2c0,0x561cc2c0
code-move,0x561cc340,0x561cc340
code-move,0x561cc3a0,0x561cc3a0
code-move,0x561cc440,0x561cc440
code-move,0x561cc5c0,0x561cc5c0
code-move,0x561cc6e0,0x561cc6e0
code-move,0x561cc740,0x561cc740
code-move,0x561cc7a0,0x561cc7a0
code-move,0x561cc840,0x561cc840
code-move,0x561cc9c0,0x561cc9c0
code-move,0x561ccae0,0x561ccae0
code-move,0x561ccb40,0x561ccb40
code-move,0x561ccb80,0x561ccb80
code-move,0x561cccc0,0x561cccc0
code-move,0x561ccd00,0x561ccd00
code-move,0x561cce40,0x561cce40
code-move,0x561ccfe0,0x561ccfe0
code-move,0x561cd1a0,0x561cd1a0
code-move,0x561cd400,0x561cd400
code-move,0x561cd660,0x561cd660
code-move,0x561cd820,0x561cd820
code-move,0x561cdb80,0x561cdb80
code-move,0x561cdc00,0x561cdc00
code-move,0x561cdc80,0x561cdc80
code-move,0x561cdd00,0x561cdd00
code-move,0x561cdd80,0x561cdd80
code-move,0x561cde00,0x561cde00
code-move,0x561cde80,0x561cde80
code-move,0x561cdf00,0x561cdf00
code-move,0x561cdf80,0x561cdf80
code-move,0x561ce020,0x561ce020
code-move,0x561ce080,0x561ce080
code-move,0x561ce0c0,0x561ce0c0
code-move,0x561ce400,0x561ce400
code-move,0x561ce4e0,0x561ce4e0
code-move,0x561ce5c0,0x561ce5c0
code-move,0x561cebe0,0x561cebe0
code-move,0x561ced60,0x561ced60
code-move,0x561cee40,0x561cee40
code-move,0x561ceee0,0x561ceee0
code-move,0x561cf380,0x561cf380
code-move,0x561cf840,0x561cf840
code-move,0x561cfb60,0x561cfb60
code-move,0x561cfca0,0x561cfca0
code-move,0x561cfde0,0x561cfde0
code-move,0x561d0020,0x561d0020
code-move,0x561d0160,0x561d0160
code-move,0x561d02a0,0x561d02a0
code-move,0x561d0460,0x561d0460
code-move,0x561d05a0,0x561d05a0
code-move,0x561d0680,0x561d0680
code-move,0x561d0760,0x561d0760
code-move,0x561d08a0,0x561d08a0
code-move,0x561d0a60,0x561d0a60
code-move,0x561d0ba0,0x561d0ba0
code-move,0x561d0c80,0x561d0c80
code-move,0x561d0d60,0x561d0d60
code-move,0x561d0f80,0x561d0f80
code-move,0x561d1060,0x561d1060
code-move,0x561d1120,0x561d1120
code-move,0x561d1400,0x561d1400
code-move,0x561d1480,0x561d1480
code-move,0x561d15a0,0x561d15a0
code-move,0x561d16c0,0x561d16c0
code-move,0x561d18a0,0x561d18a0
code-move,0x561d1a80,0x561d1a80
code-move,0x561d1b20,0x561d1b20
code-move,0x561d1bc0,0x561d1bc0
code-move,0x561d1c60,0x561d1c60
code-move,0x561d1d00,0x561d1d00
code-move,0x561d2020,0x561d2020
code-move,0x561d22a0,0x561d22a0
code-move,0x561d2540,0x561d2540
code-move,0x561d25e0,0x561d25e0
code-move,0x561d2680,0x561d2680
code-move,0x561d2720,0x561d2720
code-move,0x561d27e0,0x561d27e0
code-move,0x561d2ce0,0x561d2ce0
code-move,0x561d2dc0,0x561d2dc0
code-move,0x561d2ea0,0x561d2ea0
code-move,0x561d3d80,0x561d3d80
code-move,0x561d3e60,0x561d3e60
code-move,0x561d4020,0x561d4020
code-move,0x561d4100,0x561d4100
code-move,0x561d43a0,0x561d43a0
code-move,0x561d4480,0x561d4480
code-move,0x561d4560,0x561d4560
code-move,0x561d45c0,0x561d45c0
code-move,0x561d4620,0x561d4620
code-move,0x561d4900,0x561d4900
code-move,0x561d49a0,0x561d49a0
code-move,0x561d4a40,0x561d4a40
code-move,0x561d4b60,0x561d4ae0
code-move,0x561d4be0,0x561d4b60
code-move,0x561d4d20,0x561d4ca0
code-move,0x561d4e00,0x561d4d80
code-move,0x561d5080,0x561d4f60
code-move,0x561d5220,0x561d5100
code-move,0x561d5300,0x561d51e0
code-move,0x561d53e0,0x561d52c0
code-move,0x561d58c0,0x561d57a0
code-move,0x561d59a0,0x561d5880
code-move,0x561d5a80,0x561d5960
code-move,0x561d5b60,0x561d5a40
code-move,0x561d5ca0,0x561d5b80
code-move,0x561d5d80,0x561d5c60
code-move,0x561d5ee0,0x561d5dc0
code-move,0x561d6020,0x561d6020
code-move,0x561d6240,0x561d6240
code-move,0x561d6320,0x561d6320
code-move,0x561d67e0,0x561d67e0
code-move,0x561d68c0,0x561d68c0
code-move,0x561d6920,0x561d6920
code-move,0x561d69c0,0x561d69c0
code-move,0x561d6a20,0x561d6a20
code-move,0x561d6a80,0x561d6a80
code-move,0x561d6b80,0x561d6b80
code-move,0x561d70c0,0x561d70c0
code-move,0x561d7200,0x561d7200
code-move,0x561d7320,0x561d7320
code-move,0x561d73e0,0x561d73e0
code-move,0x561d7540,0x561d7540
code-move,0x561d7600,0x561d7600
code-move,0x561d7700,0x561d7700
code-move,0x561d7800,0x561d7800
code-move,0x561d78e0,0x561d78e0
code-move,0x561d8020,0x561d8020
code-move,0x561d8da0,0x561d8da0
code-move,0x561d8e80,0x561d8e80
code-move,0x561d8f60,0x561d8f60
code-move,0x561d91a0,0x561d91a0
code-move,0x561d93a0,0x561d93a0
code-move,0x561d9720,0x561d9480
code-move,0x561d9800,0x561d9560
code-move,0x561d9900,0x561d9660
code-move,0x561d99c0,0x561d9720
code-move,0x561d9e60,0x561d9bc0
code-move,0x561da020,0x561d9d60
code-move,0x561da100,0x561da020
code-move,0x561da860,0x561da780
code-move,0x561da9a0,0x561da860
code-move,0x561dab00,0x561da940
code-move,0x561dac20,0x561daa60
code-move,0x561dade0,0x561dac20
code-move,0x561db0e0,0x561daf20
code-move,0x561db140,0x561daf80
code-move,0x561db220,0x561db060
code-move,0x561db8e0,0x561db720
code-move,0x561db9c0,0x561db800
code-move,0x561dc020,0x561dc020
code-move,0x561dd5c0,0x561dd5c0
code-move,0x561dd680,0x561dd680
code-move,0x561dd6e0,0x561dd6e0
code-move,0x561dd7c0,0x561dd7c0
code-move,0x561dda60,0x561dda60
code-move,0x561de020,0x561de020
code-move,0x561de5e0,0x561de5e0
code-move,0x561deba0,0x561deba0
code-move,0x561dec40,0x561dec40
code-move,0x561deee0,0x561dee80
code-move,0x561df100,0x561df0a0
code-move,0x561df1a0,0x561df140
code-move,0x561df520,0x561df3e0
code-move,0x561df720,0x561df4c0
code-move,0x561df7e0,0x561df580
code-move,0x561df920,0x561df6c0
code-move,0x561df9e0,0x561df780
code-move,0x561dfae0,0x561df880
code-move,0x561dfc80,0x561dfa20
code-move,0x561dfd80,0x561dfb20
code-move,0x561e0020,0x561dfd00
code-move,0x561e0300,0x561e0020
code-move,0x561e0540,0x561e0260
code-move,0x561e0740,0x561e0320
code-move,0x561e0940,0x561e03e0
code-move,0x561e0b40,0x561e04a0
code-move,0x561e0ba0,0x561e0500
code-move,0x561e0ec0,0x561e0820
code-move,0x561e0f40,0x561e08a0
code-move,0x561e0fc0,0x561e0920
code-move,0x561e1040,0x561e09a0
code-move,0x561e10c0,0x561e0a20
code-move,0x561e1140,0x561e0aa0
code-move,0x561e1260,0x561e0bc0
code-move,0x561e13c0,0x561e0d20
code-move,0x561e15c0,0x561e0e40
code-move,0x561e1640,0x561e0ec0
code-move,0x561e16c0,0x561e0f40
code-move,0x561e1740,0x561e0fc0
code-move,0x561e2200,0x561e12a0
code-move,0x561e2600,0x561e1360
code-move,0x561e2660,0x561e13c0
code-move,0x561e2960,0x561e1600
code-move,0x561e29e0,0x561e1680
code-move,0x561e2ac0,0x561e1700
code-move,0x561e2ba0,0x561e1780
code-move,0x561e3260,0x561e1860
code-move,0x561e33a0,0x561e19a0
code-move,0x561e3480,0x561e2020
code-move,0x561e3d40,0x561e27a0
code-move,0x561e4020,0x561e2840
code-move,0x561e49c0,0x561e31e0
code-move,0x561e4b80,0x561e33a0
code-move,0x561e4d00,0x561e3520
code-move,0x561e4de0,0x561e3600
code-move,0x561e4ee0,0x561e3700
code-move,0x561e4fc0,0x561e37e0
code-move,0x561e50a0,0x561e4020
code-move,0x561e5a00,0x561e4980
code-move,0x561e5ae0,0x561e4a60
code-move,0x561e5bc0,0x561e4b40
code-move,0x561e5ce0,0x561e4c60
code-move,0x561e6020,0x561e4d80
code-move,0x561e6260,0x561e4fc0
code-move,0x561e6340,0x561e50a0
code-move,0x561e6400,0x561e5160
code-move,0x561e6480,0x561e51e0
code-move,0x561e6580,0x561e52e0
code-move,0x561e65e0,0x561e5340
code-move,0x561e66c0,0x561e5420
code-move,0x561e67a0,0x561e6020
code-move,0x561e7780,0x561e7000
code-move,0x561e78e0,0x561e7160
code-move,0x561e79c0,0x561e7240
code-move,0x561e7bc0,0x561e7440
code-move,0x561e7ca0,0x561e7520
code-move,0x561e7d00,0x561e7580
code-move,0x561e7d60,0x561e75e0
